<?xml version="1.0" encoding="UTF-8"?>
<testng-results skipped="0" failed="0" ignored="0" total="1" passed="1">
  <reporter-output>
  </reporter-output>
  <suite name="Default suite" duration-ms="25611" started-at="2017-10-04T12:26:10Z" finished-at="2017-10-04T12:26:35Z">
    <groups>
    </groups>
    <test name="Default test" duration-ms="25611" started-at="2017-10-04T12:26:10Z" finished-at="2017-10-04T12:26:35Z">
      <class name="Maven_Package.Maven_TestNG_class_project.Regression.RegistrationTest">
        <test-method status="PASS" signature="setup()[pri:0, instance:Maven_Package.Maven_TestNG_class_project.Regression.RegistrationTest@77caeb3e]" name="setup" is-config="true" duration-ms="19564" started-at="2017-10-04T17:56:10Z" finished-at="2017-10-04T17:56:29Z">
          <reporter-output>
          </reporter-output>
        </test-method> <!-- setup -->
        <test-method status="PASS" signature="registrationmethod()[pri:0, instance:Maven_Package.Maven_TestNG_class_project.Regression.RegistrationTest@77caeb3e]" name="registrationmethod" duration-ms="5376" started-at="2017-10-04T17:56:29Z" finished-at="2017-10-04T17:56:35Z">
          <reporter-output>
          </reporter-output>
        </test-method> <!-- registrationmethod -->
        <test-method status="PASS" signature="close_browser()[pri:0, instance:Maven_Package.Maven_TestNG_class_project.Regression.RegistrationTest@77caeb3e]" name="close_browser" is-config="true" duration-ms="635" started-at="2017-10-04T17:56:35Z" finished-at="2017-10-04T17:56:35Z">
          <reporter-output>
          </reporter-output>
        </test-method> <!-- close_browser -->
      </class> <!-- Maven_Package.Maven_TestNG_class_project.Regression.RegistrationTest -->
    </test> <!-- Default test -->
  </suite> <!-- Default suite -->
</testng-results>
